<?xml version="1.0" encoding="UTF-8"?>
<!-- Generated by org.testng.reporters.JUnitReportReporter -->
<testsuite hostname="A" failures="0" tests="1" name="pack.hrm" time="29.904" errors="0" timestamp="2023-01-16T16:51:31 GMT+05:30" skipped="0">
  <testcase classname="pack.hrm" name="orange" time="29.904"/>
  <system-out/>
</testsuite> <!-- pack.hrm -->
